<?xml version="1.0" encoding="UTF-8"?>
<!-- Generated by org.testng.reporters.JUnitXMLReporter -->
<testsuite hostname="VE040216C63" ignored="2" name="Page Object Model Project" tests="1" failures="0" timestamp="17 Oct 2018 14:30:15 GMT" time="16.116" errors="0">
  <testcase name="VerifyLogin" time="16.022" classname="tests.LoginTest"/>
  <testcase name="@AfterSuite TeardownTest" time="0.0" classname="tests.TestBase">
    <ignored/>
  </testcase> <!-- @AfterSuite TeardownTest -->
  <testcase name="@BeforeSuite initialize" time="0.0" classname="tests.TestBase">
    <ignored/>
  </testcase> <!-- @BeforeSuite initialize -->
</testsuite> <!-- Page Object Model Project -->
